<?xml version="1.0" encoding="UTF-8"?>
<coverage generated="1517587666908" clover="3.2.0">
  <project timestamp="1517587666908" name="All files">
    <metrics statements="39" coveredstatements="33" conditionals="13" coveredconditionals="8" methods="25" coveredmethods="24" elements="77" coveredelements="65" complexity="0" loc="39" ncloc="39" packages="4" files="9" classes="9">
      <package name="__tests__">
        <metrics statements="1" coveredstatements="1" conditionals="0" coveredconditionals="0" methods="0" coveredmethods="0"/>
        <file name="setup.js" path="/home/tiago/Documentos/gonative/projetos/testsrn/__tests__/setup.js">
          <metrics statements="1" coveredstatements="1" conditionals="0" coveredconditionals="0" methods="0" coveredmethods="0"/>
          <line num="4" count="5" type="stmt"/>
        </file>
      </package>
      <package name="src">
        <metrics statements="21" coveredstatements="20" conditionals="4" coveredconditionals="3" methods="14" coveredmethods="14"/>
        <file name="List.js" path="/home/tiago/Documentos/gonative/projetos/testsrn/src/List.js">
          <metrics statements="10" coveredstatements="9" conditionals="4" coveredconditionals="3" methods="8" coveredmethods="8"/>
          <line num="21" count="6" type="cond" truecount="1" falsecount="1"/>
          <line num="23" count="0" type="stmt"/>
          <line num="27" count="4" type="stmt"/>
          <line num="29" count="10" type="stmt"/>
          <line num="35" count="1" type="stmt"/>
          <line num="44" count="1" type="stmt"/>
          <line num="48" count="1" type="stmt"/>
          <line num="49" count="3" type="stmt"/>
          <line num="54" count="12" type="stmt"/>
          <line num="67" count="1" type="stmt"/>
        </file>
        <file name="Post.js" path="/home/tiago/Documentos/gonative/projetos/testsrn/src/Post.js">
          <metrics statements="4" coveredstatements="4" conditionals="0" coveredconditionals="0" methods="2" coveredmethods="2"/>
          <line num="9" count="2" type="stmt"/>
          <line num="10" count="1" type="stmt"/>
          <line num="14" count="1" type="stmt"/>
          <line num="20" count="2" type="stmt"/>
        </file>
        <file name="TodoList.js" path="/home/tiago/Documentos/gonative/projetos/testsrn/src/TodoList.js">
          <metrics statements="7" coveredstatements="7" conditionals="0" coveredconditionals="0" methods="4" coveredmethods="4"/>
          <line num="15" count="1" type="stmt"/>
          <line num="16" count="2" type="stmt"/>
          <line num="17" count="4" type="stmt"/>
          <line num="23" count="2" type="stmt"/>
          <line num="27" count="1" type="stmt"/>
          <line num="28" count="2" type="stmt"/>
          <line num="32" count="1" type="stmt"/>
        </file>
      </package>
      <package name="src.services">
        <metrics statements="0" coveredstatements="0" conditionals="0" coveredconditionals="0" methods="0" coveredmethods="0"/>
        <file name="api.js" path="/home/tiago/Documentos/gonative/projetos/testsrn/src/services/api.js">
          <metrics statements="0" coveredstatements="0" conditionals="0" coveredconditionals="0" methods="0" coveredmethods="0"/>
        </file>
      </package>
      <package name="src.store">
        <metrics statements="17" coveredstatements="12" conditionals="9" coveredconditionals="5" methods="11" coveredmethods="10"/>
        <file name="actions.js" path="/home/tiago/Documentos/gonative/projetos/testsrn/src/store/actions.js">
          <metrics statements="3" coveredstatements="3" conditionals="0" coveredconditionals="0" methods="3" coveredmethods="3"/>
          <line num="2" count="3" type="stmt"/>
          <line num="11" count="1" type="stmt"/>
          <line num="20" count="2" type="stmt"/>
        </file>
        <file name="reducers.js" path="/home/tiago/Documentos/gonative/projetos/testsrn/src/store/reducers.js">
          <metrics statements="6" coveredstatements="5" conditionals="7" coveredconditionals="5" methods="3" coveredmethods="3"/>
          <line num="2" count="4" type="cond" truecount="3" falsecount="1"/>
          <line num="4" count="1" type="stmt"/>
          <line num="7" count="2" type="stmt"/>
          <line num="10" count="2" type="stmt"/>
          <line num="11" count="4" type="cond" truecount="2" falsecount="0"/>
          <line num="17" count="0" type="stmt"/>
        </file>
        <file name="sagas.js" path="/home/tiago/Documentos/gonative/projetos/testsrn/src/store/sagas.js">
          <metrics statements="5" coveredstatements="1" conditionals="2" coveredconditionals="0" methods="2" coveredmethods="1"/>
          <line num="7" count="0" type="stmt"/>
          <line num="9" count="0" type="cond" truecount="0" falsecount="2"/>
          <line num="10" count="0" type="stmt"/>
          <line num="12" count="0" type="stmt"/>
          <line num="17" count="2" type="stmt"/>
        </file>
        <file name="userActions.js" path="/home/tiago/Documentos/gonative/projetos/testsrn/src/store/userActions.js">
          <metrics statements="3" coveredstatements="3" conditionals="0" coveredconditionals="0" methods="3" coveredmethods="3"/>
          <line num="2" count="2" type="stmt"/>
          <line num="11" count="1" type="stmt"/>
          <line num="20" count="1" type="stmt"/>
        </file>
      </package>
    </metrics>
  </project>
</coverage>
