{"/home/tiago/Documentos/gonative/projetos/testsrn/__tests__/setup.js": {"path":"/home/tiago/Documentos/gonative/projetos/testsrn/__tests__/setup.js","statementMap":{"0":{"start":{"line":4,"column":0},"end":{"line":4,"column":45}}},"fnMap":{},"branchMap":{},"s":{"0":5},"f":{},"b":{},"_coverageSchema":"332fd63041d2c1bcb487cc26dd0d5f7d97098a6c","hash":"a21a70d9a7440b1e41b0d5d99cde7602221f0852"}
,"/home/tiago/Documentos/gonative/projetos/testsrn/src/List.js": {"path":"/home/tiago/Documentos/gonative/projetos/testsrn/src/List.js","statementMap":{"0":{"start":{"line":21,"column":18},"end":{"line":21,"column":80}},"1":{"start":{"line":23,"column":4},"end":{"line":23,"column":29}},"2":{"start":{"line":27,"column":4},"end":{"line":31,"column":17}},"3":{"start":{"line":29,"column":8},"end":{"line":29,"column":69}},"4":{"start":{"line":35,"column":4},"end":{"line":40,"column":7}},"5":{"start":{"line":44,"column":4},"end":{"line":44,"column":83}},"6":{"start":{"line":48,"column":4},"end":{"line":50,"column":7}},"7":{"start":{"line":49,"column":45},"end":{"line":49,"column":59}},"8":{"start":{"line":54,"column":4},"end":{"line":63,"column":5}},"9":{"start":{"line":67,"column":15},"end":{"line":71,"column":2}}},"fnMap":{"0":{"name":"(anonymous_0)","decl":{"start":{"line":20,"column":2},"end":{"line":20,"column":3}},"loc":{"start":{"line":20,"column":28},"end":{"line":24,"column":3}},"line":20},"1":{"name":"(anonymous_1)","decl":{"start":{"line":26,"column":16},"end":{"line":26,"column":17}},"loc":{"start":{"line":27,"column":4},"end":{"line":31,"column":17}},"line":27},"2":{"name":"(anonymous_2)","decl":{"start":{"line":28,"column":29},"end":{"line":28,"column":30}},"loc":{"start":{"line":29,"column":8},"end":{"line":29,"column":69}},"line":29},"3":{"name":"(anonymous_3)","decl":{"start":{"line":34,"column":12},"end":{"line":34,"column":13}},"loc":{"start":{"line":34,"column":18},"end":{"line":41,"column":3}},"line":34},"4":{"name":"(anonymous_4)","decl":{"start":{"line":43,"column":14},"end":{"line":43,"column":15}},"loc":{"start":{"line":43,"column":26},"end":{"line":45,"column":3}},"line":43},"5":{"name":"(anonymous_5)","decl":{"start":{"line":47,"column":15},"end":{"line":47,"column":16}},"loc":{"start":{"line":47,"column":23},"end":{"line":51,"column":3}},"line":47},"6":{"name":"(anonymous_6)","decl":{"start":{"line":49,"column":37},"end":{"line":49,"column":38}},"loc":{"start":{"line":49,"column":45},"end":{"line":49,"column":59}},"line":49},"7":{"name":"(anonymous_7)","decl":{"start":{"line":53,"column":2},"end":{"line":53,"column":3}},"loc":{"start":{"line":53,"column":11},"end":{"line":64,"column":3}},"line":53}},"branchMap":{"0":{"loc":{"start":{"line":21,"column":18},"end":{"line":21,"column":80}},"type":"binary-expr","locations":[{"start":{"line":21,"column":18},"end":{"line":21,"column":74}},{"start":{"line":21,"column":78},"end":{"line":21,"column":80}}],"line":21},"1":{"loc":{"start":{"line":56,"column":10},"end":{"line":58,"column":36}},"type":"cond-expr","locations":[{"start":{"line":57,"column":12},"end":{"line":57,"column":30}},{"start":{"line":58,"column":12},"end":{"line":58,"column":36}}],"line":56}},"s":{"0":6,"1":0,"2":4,"3":10,"4":1,"5":1,"6":1,"7":3,"8":12,"9":1},"f":{"0":6,"1":4,"2":10,"3":1,"4":1,"5":1,"6":3,"7":12},"b":{"0":[6,0],"1":[4,8]},"_coverageSchema":"332fd63041d2c1bcb487cc26dd0d5f7d97098a6c","hash":"7ba5a97bce9b8e3b373e904141cfba45ce96646e"}
,"/home/tiago/Documentos/gonative/projetos/testsrn/src/Post.js": {"path":"/home/tiago/Documentos/gonative/projetos/testsrn/src/Post.js","statementMap":{"0":{"start":{"line":9,"column":13},"end":{"line":16,"column":1}},"1":{"start":{"line":10,"column":2},"end":{"line":15,"column":9}},"2":{"start":{"line":14,"column":47},"end":{"line":14,"column":64}},"3":{"start":{"line":20,"column":15},"end":{"line":24,"column":2}}},"fnMap":{"0":{"name":"(anonymous_0)","decl":{"start":{"line":9,"column":13},"end":{"line":9,"column":14}},"loc":{"start":{"line":10,"column":2},"end":{"line":15,"column":9}},"line":10},"1":{"name":"(anonymous_1)","decl":{"start":{"line":14,"column":41},"end":{"line":14,"column":42}},"loc":{"start":{"line":14,"column":47},"end":{"line":14,"column":64}},"line":14}},"branchMap":{},"s":{"0":2,"1":1,"2":1,"3":2},"f":{"0":1,"1":1},"b":{},"_coverageSchema":"332fd63041d2c1bcb487cc26dd0d5f7d97098a6c","hash":"a3db4ccc5300c76515475e6a63736fb8ba3b4a0c"}
,"/home/tiago/Documentos/gonative/projetos/testsrn/src/TodoList.js": {"path":"/home/tiago/Documentos/gonative/projetos/testsrn/src/TodoList.js","statementMap":{"0":{"start":{"line":15,"column":17},"end":{"line":21,"column":1}},"1":{"start":{"line":16,"column":2},"end":{"line":20,"column":9}},"2":{"start":{"line":17,"column":24},"end":{"line":17,"column":62}},"3":{"start":{"line":23,"column":24},"end":{"line":25,"column":2}},"4":{"start":{"line":23,"column":34},"end":{"line":25,"column":1}},"5":{"start":{"line":27,"column":27},"end":{"line":28,"column":39}},"6":{"start":{"line":28,"column":2},"end":{"line":28,"column":39}},"7":{"start":{"line":32,"column":15},"end":{"line":36,"column":2}}},"fnMap":{"0":{"name":"(anonymous_0)","decl":{"start":{"line":15,"column":17},"end":{"line":15,"column":18}},"loc":{"start":{"line":16,"column":2},"end":{"line":20,"column":9}},"line":16},"1":{"name":"(anonymous_1)","decl":{"start":{"line":17,"column":16},"end":{"line":17,"column":17}},"loc":{"start":{"line":17,"column":24},"end":{"line":17,"column":62}},"line":17},"2":{"name":"(anonymous_2)","decl":{"start":{"line":23,"column":24},"end":{"line":23,"column":25}},"loc":{"start":{"line":23,"column":34},"end":{"line":25,"column":1}},"line":23},"3":{"name":"(anonymous_3)","decl":{"start":{"line":27,"column":27},"end":{"line":27,"column":28}},"loc":{"start":{"line":28,"column":2},"end":{"line":28,"column":39}},"line":28}},"branchMap":{},"s":{"0":1,"1":2,"2":4,"3":1,"4":2,"5":1,"6":2,"7":1},"f":{"0":2,"1":4,"2":2,"3":2},"b":{},"_coverageSchema":"332fd63041d2c1bcb487cc26dd0d5f7d97098a6c","hash":"3ac81d32184d5aa3841ef6cad3340564f043e261"}
,"/home/tiago/Documentos/gonative/projetos/testsrn/src/services/api.js": {"path":"/home/tiago/Documentos/gonative/projetos/testsrn/src/services/api.js","statementMap":{},"fnMap":{},"branchMap":{},"s":{},"f":{},"b":{},"_coverageSchema":"332fd63041d2c1bcb487cc26dd0d5f7d97098a6c","hash":"6ac981e8c49a9e508d5af613c1557638ca259a34"}
,"/home/tiago/Documentos/gonative/projetos/testsrn/src/store/actions.js": {"path":"/home/tiago/Documentos/gonative/projetos/testsrn/src/store/actions.js","statementMap":{"0":{"start":{"line":2,"column":2},"end":{"line":7,"column":3}},"1":{"start":{"line":11,"column":2},"end":{"line":16,"column":3}},"2":{"start":{"line":20,"column":2},"end":{"line":25,"column":3}}},"fnMap":{"0":{"name":"addTodo","decl":{"start":{"line":1,"column":16},"end":{"line":1,"column":23}},"loc":{"start":{"line":1,"column":30},"end":{"line":8,"column":1}},"line":1},"1":{"name":"removeTodo","decl":{"start":{"line":10,"column":16},"end":{"line":10,"column":26}},"loc":{"start":{"line":10,"column":31},"end":{"line":17,"column":1}},"line":10},"2":{"name":"completeTodo","decl":{"start":{"line":19,"column":16},"end":{"line":19,"column":28}},"loc":{"start":{"line":19,"column":33},"end":{"line":26,"column":1}},"line":19}},"branchMap":{},"s":{"0":3,"1":1,"2":2},"f":{"0":3,"1":1,"2":2},"b":{},"_coverageSchema":"332fd63041d2c1bcb487cc26dd0d5f7d97098a6c","hash":"ac8de6938161c7523a427926a9f78ab262a76402"}
,"/home/tiago/Documentos/gonative/projetos/testsrn/src/store/reducers.js": {"path":"/home/tiago/Documentos/gonative/projetos/testsrn/src/store/reducers.js","statementMap":{"0":{"start":{"line":2,"column":2},"end":{"line":18,"column":3}},"1":{"start":{"line":4,"column":6},"end":{"line":4,"column":76}},"2":{"start":{"line":7,"column":6},"end":{"line":7,"column":65}},"3":{"start":{"line":7,"column":34},"end":{"line":7,"column":63}},"4":{"start":{"line":10,"column":6},"end":{"line":14,"column":7}},"5":{"start":{"line":11,"column":8},"end":{"line":13,"column":14}},"6":{"start":{"line":17,"column":6},"end":{"line":17,"column":19}}},"fnMap":{"0":{"name":"todos","decl":{"start":{"line":1,"column":24},"end":{"line":1,"column":29}},"loc":{"start":{"line":1,"column":50},"end":{"line":19,"column":1}},"line":1},"1":{"name":"(anonymous_1)","decl":{"start":{"line":7,"column":26},"end":{"line":7,"column":27}},"loc":{"start":{"line":7,"column":34},"end":{"line":7,"column":63}},"line":7},"2":{"name":"(anonymous_2)","decl":{"start":{"line":10,"column":23},"end":{"line":10,"column":24}},"loc":{"start":{"line":11,"column":8},"end":{"line":13,"column":14}},"line":11}},"branchMap":{"0":{"loc":{"start":{"line":1,"column":30},"end":{"line":1,"column":40}},"type":"default-arg","locations":[{"start":{"line":1,"column":38},"end":{"line":1,"column":40}}],"line":1},"1":{"loc":{"start":{"line":2,"column":2},"end":{"line":18,"column":3}},"type":"switch","locations":[{"start":{"line":3,"column":4},"end":{"line":5,"column":5}},{"start":{"line":6,"column":4},"end":{"line":8,"column":5}},{"start":{"line":9,"column":4},"end":{"line":15,"column":5}},{"start":{"line":16,"column":4},"end":{"line":17,"column":19}}],"line":2},"2":{"loc":{"start":{"line":11,"column":8},"end":{"line":13,"column":14}},"type":"cond-expr","locations":[{"start":{"line":12,"column":10},"end":{"line":12,"column":49}},{"start":{"line":13,"column":10},"end":{"line":13,"column":14}}],"line":11}},"s":{"0":4,"1":1,"2":1,"3":2,"4":2,"5":4,"6":0},"f":{"0":4,"1":2,"2":4},"b":{"0":[0],"1":[1,1,2,0],"2":[2,2]},"_coverageSchema":"332fd63041d2c1bcb487cc26dd0d5f7d97098a6c","hash":"0e14bdadf7005b0ffd16082f441db806c524b55a"}
,"/home/tiago/Documentos/gonative/projetos/testsrn/src/store/sagas.js": {"path":"/home/tiago/Documentos/gonative/projetos/testsrn/src/store/sagas.js","statementMap":{"0":{"start":{"line":7,"column":19},"end":{"line":7,"column":75}},"1":{"start":{"line":9,"column":2},"end":{"line":13,"column":3}},"2":{"start":{"line":10,"column":4},"end":{"line":10,"column":52}},"3":{"start":{"line":12,"column":4},"end":{"line":12,"column":40}},"4":{"start":{"line":17,"column":2},"end":{"line":19,"column":4}}},"fnMap":{"0":{"name":"addUserFromGithub","decl":{"start":{"line":6,"column":10},"end":{"line":6,"column":27}},"loc":{"start":{"line":6,"column":36},"end":{"line":14,"column":1}},"line":6},"1":{"name":"root","decl":{"start":{"line":16,"column":25},"end":{"line":16,"column":29}},"loc":{"start":{"line":16,"column":32},"end":{"line":20,"column":1}},"line":16}},"branchMap":{"0":{"loc":{"start":{"line":9,"column":2},"end":{"line":13,"column":3}},"type":"if","locations":[{"start":{"line":9,"column":2},"end":{"line":13,"column":3}},{"start":{"line":9,"column":2},"end":{"line":13,"column":3}}],"line":9}},"s":{"0":0,"1":0,"2":0,"3":0,"4":2},"f":{"0":0,"1":2},"b":{"0":[0,0]},"_coverageSchema":"332fd63041d2c1bcb487cc26dd0d5f7d97098a6c","hash":"d04a001500f060c9b1b8e93aadd02595dfb21bca"}
,"/home/tiago/Documentos/gonative/projetos/testsrn/src/store/userActions.js": {"path":"/home/tiago/Documentos/gonative/projetos/testsrn/src/store/userActions.js","statementMap":{"0":{"start":{"line":2,"column":2},"end":{"line":7,"column":3}},"1":{"start":{"line":11,"column":2},"end":{"line":16,"column":3}},"2":{"start":{"line":20,"column":2},"end":{"line":22,"column":3}}},"fnMap":{"0":{"name":"addUserRequest","decl":{"start":{"line":1,"column":16},"end":{"line":1,"column":30}},"loc":{"start":{"line":1,"column":41},"end":{"line":8,"column":1}},"line":1},"1":{"name":"addUserSuccess","decl":{"start":{"line":10,"column":16},"end":{"line":10,"column":30}},"loc":{"start":{"line":10,"column":37},"end":{"line":17,"column":1}},"line":10},"2":{"name":"addUserFailure","decl":{"start":{"line":19,"column":16},"end":{"line":19,"column":30}},"loc":{"start":{"line":19,"column":40},"end":{"line":23,"column":1}},"line":19}},"branchMap":{},"s":{"0":2,"1":1,"2":1},"f":{"0":2,"1":1,"2":1},"b":{},"_coverageSchema":"332fd63041d2c1bcb487cc26dd0d5f7d97098a6c","hash":"7510421bd5095b0aebb4ab7e35a90a36b9e99357"}
}
