TN:
SF:/home/tiago/Documentos/gonative/projetos/testsrn/__tests__/setup.js
FNF:0
FNH:0
DA:4,5
LF:1
LH:1
BRF:0
BRH:0
end_of_record
TN:
SF:/home/tiago/Documentos/gonative/projetos/testsrn/src/List.js
FN:20,(anonymous_0)
FN:26,(anonymous_1)
FN:28,(anonymous_2)
FN:34,(anonymous_3)
FN:43,(anonymous_4)
FN:47,(anonymous_5)
FN:49,(anonymous_6)
FN:53,(anonymous_7)
FNF:8
FNH:8
FNDA:6,(anonymous_0)
FNDA:4,(anonymous_1)
FNDA:10,(anonymous_2)
FNDA:1,(anonymous_3)
FNDA:1,(anonymous_4)
FNDA:1,(anonymous_5)
FNDA:3,(anonymous_6)
FNDA:12,(anonymous_7)
DA:21,6
DA:23,0
DA:27,4
DA:29,10
DA:35,1
DA:44,1
DA:48,1
DA:49,3
DA:54,12
DA:67,1
LF:10
LH:9
BRDA:21,0,0,6
BRDA:21,0,1,0
BRDA:56,1,0,4
BRDA:56,1,1,8
BRF:4
BRH:3
end_of_record
TN:
SF:/home/tiago/Documentos/gonative/projetos/testsrn/src/Post.js
FN:9,(anonymous_0)
FN:14,(anonymous_1)
FNF:2
FNH:2
FNDA:1,(anonymous_0)
FNDA:1,(anonymous_1)
DA:9,2
DA:10,1
DA:14,1
DA:20,2
LF:4
LH:4
BRF:0
BRH:0
end_of_record
TN:
SF:/home/tiago/Documentos/gonative/projetos/testsrn/src/TodoList.js
FN:15,(anonymous_0)
FN:17,(anonymous_1)
FN:23,(anonymous_2)
FN:27,(anonymous_3)
FNF:4
FNH:4
FNDA:2,(anonymous_0)
FNDA:4,(anonymous_1)
FNDA:2,(anonymous_2)
FNDA:2,(anonymous_3)
DA:15,1
DA:16,2
DA:17,4
DA:23,2
DA:27,1
DA:28,2
DA:32,1
LF:7
LH:7
BRF:0
BRH:0
end_of_record
TN:
SF:/home/tiago/Documentos/gonative/projetos/testsrn/src/services/api.js
FNF:0
FNH:0
LF:0
LH:0
BRF:0
BRH:0
end_of_record
TN:
SF:/home/tiago/Documentos/gonative/projetos/testsrn/src/store/actions.js
FN:1,addTodo
FN:10,removeTodo
FN:19,completeTodo
FNF:3
FNH:3
FNDA:3,addTodo
FNDA:1,removeTodo
FNDA:2,completeTodo
DA:2,3
DA:11,1
DA:20,2
LF:3
LH:3
BRF:0
BRH:0
end_of_record
TN:
SF:/home/tiago/Documentos/gonative/projetos/testsrn/src/store/reducers.js
FN:1,todos
FN:7,(anonymous_1)
FN:10,(anonymous_2)
FNF:3
FNH:3
FNDA:4,todos
FNDA:2,(anonymous_1)
FNDA:4,(anonymous_2)
DA:2,4
DA:4,1
DA:7,2
DA:10,2
DA:11,4
DA:17,0
LF:6
LH:5
BRDA:1,0,0,0
BRDA:2,1,0,1
BRDA:2,1,1,1
BRDA:2,1,2,2
BRDA:2,1,3,0
BRDA:11,2,0,2
BRDA:11,2,1,2
BRF:7
BRH:5
end_of_record
TN:
SF:/home/tiago/Documentos/gonative/projetos/testsrn/src/store/sagas.js
FN:6,addUserFromGithub
FN:16,root
FNF:2
FNH:1
FNDA:0,addUserFromGithub
FNDA:2,root
DA:7,0
DA:9,0
DA:10,0
DA:12,0
DA:17,2
LF:5
LH:1
BRDA:9,0,0,0
BRDA:9,0,1,0
BRF:2
BRH:0
end_of_record
TN:
SF:/home/tiago/Documentos/gonative/projetos/testsrn/src/store/userActions.js
FN:1,addUserRequest
FN:10,addUserSuccess
FN:19,addUserFailure
FNF:3
FNH:3
FNDA:2,addUserRequest
FNDA:1,addUserSuccess
FNDA:1,addUserFailure
DA:2,2
DA:11,1
DA:20,1
LF:3
LH:3
BRF:0
BRH:0
end_of_record
